sending incremental file list
target/common/obj/JAVA_LIBRARIES/common-codec_intermediates/
target/common/obj/JAVA_LIBRARIES/common-codec_intermediates/classes.jar
target/common/obj/JAVA_LIBRARIES/common-codec_intermediates/javalib.jar
target/common/obj/JAVA_LIBRARIES/signpost-commonshttp4_intermediates/
target/common/obj/JAVA_LIBRARIES/signpost-commonshttp4_intermediates/classes.jar
target/common/obj/JAVA_LIBRARIES/signpost-commonshttp4_intermediates/javalib.jar
target/common/obj/JAVA_LIBRARIES/signpost-core_intermediates/
target/common/obj/JAVA_LIBRARIES/signpost-core_intermediates/classes.jar
target/common/obj/JAVA_LIBRARIES/signpost-core_intermediates/javalib.jar
target/product/mt6592_phone_720p/
target/product/mt6592_phone_720p/obj/
target/product/mt6592_phone_720p/obj/CODEGEN/
target/product/mt6592_phone_720p/obj/CODEGEN/btcodegen/
target/product/mt6592_phone_720p/obj/CODEGEN/btcodegen/database/
target/product/mt6592_phone_720p/obj/CODEGEN/btcodegen/database/BTCatacherDB
target/product/mt6592_phone_720p/obj/SHARED_LIBRARIES/
target/product/mt6592_phone_720p/obj/SHARED_LIBRARIES/audio.a2dp.blueangel_intermediates/
target/product/mt6592_phone_720p/obj/SHARED_LIBRARIES/audio.a2dp.blueangel_intermediates/export_includes
target/product/mt6592_phone_720p/obj/SHARED_LIBRARIES/bluetooth.blueangel_intermediates/
target/product/mt6592_phone_720p/obj/SHARED_LIBRARIES/bluetooth.blueangel_intermediates/export_includes
target/product/mt6592_phone_720p/obj/SHARED_LIBRARIES/gralloc.mt6592_intermediates/
target/product/mt6592_phone_720p/obj/SHARED_LIBRARIES/gralloc.mt6592_intermediates/export_includes
target/product/mt6592_phone_720p/obj/SHARED_LIBRARIES/lib3a_intermediates/
target/product/mt6592_phone_720p/obj/SHARED_LIBRARIES/lib3a_intermediates/export_includes
target/product/mt6592_phone_720p/obj/SHARED_LIBRARIES/libClearMotionFW_intermediates/
target/product/mt6592_phone_720p/obj/SHARED_LIBRARIES/libClearMotionFW_intermediates/export_includes
target/product/mt6592_phone_720p/obj/SHARED_LIBRARIES/libEGL_mali_intermediates/
target/product/mt6592_phone_720p/obj/SHARED_LIBRARIES/libEGL_mali_intermediates/export_includes
target/product/mt6592_phone_720p/obj/SHARED_LIBRARIES/libGLESv1_CM_mali_intermediates/
target/product/mt6592_phone_720p/obj/SHARED_LIBRARIES/libGLESv1_CM_mali_intermediates/export_includes
target/product/mt6592_phone_720p/obj/SHARED_LIBRARIES/libGLESv2_mali_intermediates/
target/product/mt6592_phone_720p/obj/SHARED_LIBRARIES/libGLESv2_mali_intermediates/export_includes
target/product/mt6592_phone_720p/obj/SHARED_LIBRARIES/libGdmaScalerPipe_intermediates/
target/product/mt6592_phone_720p/obj/SHARED_LIBRARIES/libGdmaScalerPipe_intermediates/export_includes
target/product/mt6592_phone_720p/obj/SHARED_LIBRARIES/libI420colorconvert_intermediates/
target/product/mt6592_phone_720p/obj/SHARED_LIBRARIES/libI420colorconvert_intermediates/export_includes
target/product/mt6592_phone_720p/obj/SHARED_LIBRARIES/libJpgDecPipe_intermediates/
target/product/mt6592_phone_720p/obj/SHARED_LIBRARIES/libJpgDecPipe_intermediates/export_includes
target/product/mt6592_phone_720p/obj/SHARED_LIBRARIES/libJpgEncPipe_intermediates/
target/product/mt6592_phone_720p/obj/SHARED_LIBRARIES/libJpgEncPipe_intermediates/export_includes
target/product/mt6592_phone_720p/obj/SHARED_LIBRARIES/libMali_intermediates/
target/product/mt6592_phone_720p/obj/SHARED_LIBRARIES/libMali_intermediates/export_includes
target/product/mt6592_phone_720p/obj/SHARED_LIBRARIES/libMtkOmxAMRNBDec_intermediates/
target/product/mt6592_phone_720p/obj/SHARED_LIBRARIES/libMtkOmxAMRNBDec_intermediates/export_includes
target/product/mt6592_phone_720p/obj/SHARED_LIBRARIES/libMtkOmxAMRWBDec_intermediates/
target/product/mt6592_phone_720p/obj/SHARED_LIBRARIES/libMtkOmxAMRWBDec_intermediates/export_includes
target/product/mt6592_phone_720p/obj/SHARED_LIBRARIES/libMtkOmxAacDec_intermediates/
target/product/mt6592_phone_720p/obj/SHARED_LIBRARIES/libMtkOmxAacDec_intermediates/export_includes
target/product/mt6592_phone_720p/obj/SHARED_LIBRARIES/libMtkOmxAacEnc_intermediates/
target/product/mt6592_phone_720p/obj/SHARED_LIBRARIES/libMtkOmxAacEnc_intermediates/export_includes
target/product/mt6592_phone_720p/obj/SHARED_LIBRARIES/libMtkOmxAdpcmDec_intermediates/
target/product/mt6592_phone_720p/obj/SHARED_LIBRARIES/libMtkOmxAdpcmDec_intermediates/export_includes
target/product/mt6592_phone_720p/obj/SHARED_LIBRARIES/libMtkOmxAdpcmEnc_intermediates/
target/product/mt6592_phone_720p/obj/SHARED_LIBRARIES/libMtkOmxAdpcmEnc_intermediates/export_includes
target/product/mt6592_phone_720p/obj/SHARED_LIBRARIES/libMtkOmxAmrEnc_intermediates/
target/product/mt6592_phone_720p/obj/SHARED_LIBRARIES/libMtkOmxAmrEnc_intermediates/export_includes
target/product/mt6592_phone_720p/obj/SHARED_LIBRARIES/libMtkOmxApeDec_intermediates/
target/product/mt6592_phone_720p/obj/SHARED_LIBRARIES/libMtkOmxApeDec_intermediates/export_includes
target/product/mt6592_phone_720p/obj/SHARED_LIBRARIES/libMtkOmxAwbEnc_intermediates/
target/product/mt6592_phone_720p/obj/SHARED_LIBRARIES/libMtkOmxAwbEnc_intermediates/export_includes
target/product/mt6592_phone_720p/obj/SHARED_LIBRARIES/libMtkOmxCore_intermediates/
target/product/mt6592_phone_720p/obj/SHARED_LIBRARIES/libMtkOmxCore_intermediates/export_includes
target/product/mt6592_phone_720p/obj/SHARED_LIBRARIES/libMtkOmxFlacDec_intermediates/
target/product/mt6592_phone_720p/obj/SHARED_LIBRARIES/libMtkOmxFlacDec_intermediates/export_includes
target/product/mt6592_phone_720p/obj/SHARED_LIBRARIES/libMtkOmxG711Dec_intermediates/
target/product/mt6592_phone_720p/obj/SHARED_LIBRARIES/libMtkOmxG711Dec_intermediates/export_includes
target/product/mt6592_phone_720p/obj/SHARED_LIBRARIES/libMtkOmxGsmDec_intermediates/
target/product/mt6592_phone_720p/obj/SHARED_LIBRARIES/libMtkOmxGsmDec_intermediates/export_includes
target/product/mt6592_phone_720p/obj/SHARED_LIBRARIES/libMtkOmxMp3Dec_intermediates/
target/product/mt6592_phone_720p/obj/SHARED_LIBRARIES/libMtkOmxMp3Dec_intermediates/export_includes
target/product/mt6592_phone_720p/obj/SHARED_LIBRARIES/libMtkOmxRawDec_intermediates/
target/product/mt6592_phone_720p/obj/SHARED_LIBRARIES/libMtkOmxRawDec_intermediates/export_includes
target/product/mt6592_phone_720p/obj/SHARED_LIBRARIES/libMtkOmxVdec_intermediates/
target/product/mt6592_phone_720p/obj/SHARED_LIBRARIES/libMtkOmxVdec_intermediates/export_includes
target/product/mt6592_phone_720p/obj/SHARED_LIBRARIES/libMtkOmxVenc_intermediates/
target/product/mt6592_phone_720p/obj/SHARED_LIBRARIES/libMtkOmxVenc_intermediates/export_includes
target/product/mt6592_phone_720p/obj/SHARED_LIBRARIES/libMtkOmxVorbisDec_intermediates/
target/product/mt6592_phone_720p/obj/SHARED_LIBRARIES/libMtkOmxVorbisDec_intermediates/export_includes
target/product/mt6592_phone_720p/obj/SHARED_LIBRARIES/libMtkOmxVorbisEnc_intermediates/
target/product/mt6592_phone_720p/obj/SHARED_LIBRARIES/libMtkOmxVorbisEnc_intermediates/export_includes
target/product/mt6592_phone_720p/obj/SHARED_LIBRARIES/libMtkVideoTranscoder_intermediates/
target/product/mt6592_phone_720p/obj/SHARED_LIBRARIES/libMtkVideoTranscoder_intermediates/export_includes
target/product/mt6592_phone_720p/obj/SHARED_LIBRARIES/libSwJpgCodec_intermediates/
target/product/mt6592_phone_720p/obj/SHARED_LIBRARIES/libSwJpgCodec_intermediates/export_includes
target/product/mt6592_phone_720p/obj/SHARED_LIBRARIES/liba3m_intermediates/
target/product/mt6592_phone_720p/obj/SHARED_LIBRARIES/liba3m_intermediates/export_includes
target/product/mt6592_phone_720p/obj/SHARED_LIBRARIES/libaal_intermediates/
target/product/mt6592_phone_720p/obj/SHARED_LIBRARIES/libaal_intermediates/export_includes
target/product/lenovo92_cwet_kk/obj/SHARED_LIBRARIES/libamr_wrap_intermediates/
target/product/lenovo92_cwet_kk/obj/SHARED_LIBRARIES/libamr_wrap_intermediates/export_includes
target/product/lenovo92_cwet_kk/obj/SHARED_LIBRARIES/libamrvt_intermediates/
target/product/lenovo92_cwet_kk/obj/SHARED_LIBRARIES/libamrvt_intermediates/export_includes
target/product/lenovo92_cwet_kk/obj/SHARED_LIBRARIES/libawb_wrap_intermediates/
target/product/lenovo92_cwet_kk/obj/SHARED_LIBRARIES/libawb_wrap_intermediates/export_includes
target/product/lenovo92_cwet_kk/obj/SHARED_LIBRARIES/libbrctrler_intermediates/
target/product/lenovo92_cwet_kk/obj/SHARED_LIBRARIES/libbrctrler_intermediates/export_includes
target/product/lenovo92_cwet_kk/obj/SHARED_LIBRARIES/libbtcust_intermediates/
target/product/lenovo92_cwet_kk/obj/SHARED_LIBRARIES/libbtcust_intermediates/export_includes
target/product/lenovo92_cwet_kk/obj/SHARED_LIBRARIES/libbtem_intermediates/
target/product/lenovo92_cwet_kk/obj/SHARED_LIBRARIES/libbtem_intermediates/export_includes
target/product/lenovo92_cwet_kk/obj/SHARED_LIBRARIES/libbtpcm_intermediates/
target/product/lenovo92_cwet_kk/obj/SHARED_LIBRARIES/libbtpcm_intermediates/export_includes
target/product/lenovo92_cwet_kk/obj/SHARED_LIBRARIES/libbtsession_intermediates/
target/product/lenovo92_cwet_kk/obj/SHARED_LIBRARIES/libbtsession_intermediates/export_includes
target/product/lenovo92_cwet_kk/obj/SHARED_LIBRARIES/libbtsniff_intermediates/
target/product/lenovo92_cwet_kk/obj/SHARED_LIBRARIES/libbtsniff_intermediates/export_includes
target/product/lenovo92_cwet_kk/obj/SHARED_LIBRARIES/libc_malloc_debug_mtk_intermediates/
target/product/lenovo92_cwet_kk/obj/SHARED_LIBRARIES/libc_malloc_debug_mtk_intermediates/export_includes
target/product/lenovo92_cwet_kk/obj/SHARED_LIBRARIES/libcamalgo_intermediates/
target/product/mt6592_phone_720p/obj/SHARED_LIBRARIES/libcamalgo_intermediates/export_includes
target/product/mt6592_phone_720p/obj/SHARED_LIBRARIES/libdpframework_intermediates/
target/product/mt6592_phone_720p/obj/SHARED_LIBRARIES/libdpframework_intermediates/export_includes
target/product/mt6592_phone_720p/obj/SHARED_LIBRARIES/libdrmmtkplugin_intermediates/
target/product/mt6592_phone_720p/obj/SHARED_LIBRARIES/libdrmmtkplugin_intermediates/export_includes
target/product/mt6592_phone_720p/obj/SHARED_LIBRARIES/libdrmmtkutil_intermediates/
target/product/mt6592_phone_720p/obj/SHARED_LIBRARIES/libdrmmtkutil_intermediates/export_includes
target/product/lenovo92_cwet_kk/obj/SHARED_LIBRARIES/libdvm_intermediates/
target/product/lenovo92_cwet_kk/obj/SHARED_LIBRARIES/libdvm_intermediates/export_includes
target/product/lenovo92_cwet_kk/obj/SHARED_LIBRARIES/libextadvanced_jni_intermediates/
target/product/lenovo92_cwet_kk/obj/SHARED_LIBRARIES/libextadvanced_jni_intermediates/export_includes
target/product/lenovo92_cwet_kk/obj/SHARED_LIBRARIES/libextbip_intermediates/
target/product/lenovo92_cwet_kk/obj/SHARED_LIBRARIES/libextbip_intermediates/export_includes
target/product/lenovo92_cwet_kk/obj/SHARED_LIBRARIES/libextbip_jni_intermediates/
target/product/lenovo92_cwet_kk/obj/SHARED_LIBRARIES/libextbip_jni_intermediates/export_includes
target/product/lenovo92_cwet_kk/obj/SHARED_LIBRARIES/libextbpp_intermediates/
target/product/lenovo92_cwet_kk/obj/SHARED_LIBRARIES/libextbpp_intermediates/export_includes
target/product/lenovo92_cwet_kk/obj/SHARED_LIBRARIES/libextbpp_jni_intermediates/
target/product/lenovo92_cwet_kk/obj/SHARED_LIBRARIES/libextbpp_jni_intermediates/export_includes
target/product/lenovo92_cwet_kk/obj/SHARED_LIBRARIES/libextdun_jni_intermediates/
target/product/lenovo92_cwet_kk/obj/SHARED_LIBRARIES/libextdun_jni_intermediates/export_includes
target/product/lenovo92_cwet_kk/obj/SHARED_LIBRARIES/libextem_intermediates/
target/product/lenovo92_cwet_kk/obj/SHARED_LIBRARIES/libextem_intermediates/export_includes
target/product/lenovo92_cwet_kk/obj/SHARED_LIBRARIES/libextftp_intermediates/
target/product/lenovo92_cwet_kk/obj/SHARED_LIBRARIES/libextftp_intermediates/export_includes
target/product/lenovo92_cwet_kk/obj/SHARED_LIBRARIES/libextftp_jni_intermediates/
target/product/lenovo92_cwet_kk/obj/SHARED_LIBRARIES/libextftp_jni_intermediates/export_includes
target/product/lenovo92_cwet_kk/obj/SHARED_LIBRARIES/libextmap_intermediates/
target/product/lenovo92_cwet_kk/obj/SHARED_LIBRARIES/libextmap_intermediates/export_includes
target/product/lenovo92_cwet_kk/obj/SHARED_LIBRARIES/libextmap_jni_intermediates/
target/product/lenovo92_cwet_kk/obj/SHARED_LIBRARIES/libextmap_jni_intermediates/export_includes
target/product/lenovo92_cwet_kk/obj/SHARED_LIBRARIES/libextsimap_intermediates/
target/product/lenovo92_cwet_kk/obj/SHARED_LIBRARIES/libextsimap_intermediates/export_includes
target/product/lenovo92_cwet_kk/obj/SHARED_LIBRARIES/libextsimap_jni_intermediates/
target/product/lenovo92_cwet_kk/obj/SHARED_LIBRARIES/libextsimap_jni_intermediates/export_includes
target/product/lenovo92_cwet_kk/obj/SHARED_LIBRARIES/libextsys_intermediates/
target/product/lenovo92_cwet_kk/obj/SHARED_LIBRARIES/libextsys_intermediates/export_includes
target/product/lenovo92_cwet_kk/obj/SHARED_LIBRARIES/libextsys_jni_intermediates/
target/product/lenovo92_cwet_kk/obj/SHARED_LIBRARIES/libextsys_jni_intermediates/export_includes
target/product/lenovo92_cwet_kk/obj/SHARED_LIBRARIES/libexttestmode_intermediates/
target/product/lenovo92_cwet_kk/obj/SHARED_LIBRARIES/libexttestmode_intermediates/export_includes
target/product/lenovo92_cwet_kk/obj/SHARED_LIBRARIES/libfile_op_intermediates/
target/product/lenovo92_cwet_kk/obj/SHARED_LIBRARIES/libfile_op_intermediates/export_includes
target/product/lenovo92_cwet_kk/obj/SHARED_LIBRARIES/libhwm_intermediates/
target/product/lenovo92_cwet_kk/obj/SHARED_LIBRARIES/libhwm_intermediates/export_includes
target/product/lenovo92_cwet_kk/obj/SHARED_LIBRARIES/libja3m_intermediates/
target/product/lenovo92_cwet_kk/obj/SHARED_LIBRARIES/libja3m_intermediates/export_includes
target/product/lenovo92_cwet_kk/obj/SHARED_LIBRARIES/libjtranscode_intermediates/
target/product/lenovo92_cwet_kk/obj/SHARED_LIBRARIES/libjtranscode_intermediates/export_includes
target/product/lenovo92_cwet_kk/obj/SHARED_LIBRARIES/libmdloggerrecycle_intermediates/
target/product/lenovo92_cwet_kk/obj/SHARED_LIBRARIES/libmdloggerrecycle_intermediates/export_includes
target/product/lenovo92_cwet_kk/obj/SHARED_LIBRARIES/libmemoryDumpEncoder_intermediates/
target/product/lenovo92_cwet_kk/obj/SHARED_LIBRARIES/libmemoryDumpEncoder_intermediates/export_includes
target/product/lenovo92_cwet_kk/obj/SHARED_LIBRARIES/libmhalImageCodec_intermediates/
target/product/lenovo92_cwet_kk/obj/SHARED_LIBRARIES/libmhalImageCodec_intermediates/export_includes
target/product/lenovo92_cwet_kk/obj/SHARED_LIBRARIES/libmjc_intermediates/
target/product/lenovo92_cwet_kk/obj/SHARED_LIBRARIES/libmjc_intermediates/export_includes
target/product/lenovo92_cwet_kk/obj/SHARED_LIBRARIES/libmmprofile_intermediates/
target/product/lenovo92_cwet_kk/obj/SHARED_LIBRARIES/libmmprofile_intermediates/export_includes
target/product/lenovo92_cwet_kk/obj/SHARED_LIBRARIES/libmtcloader_intermediates/
target/product/lenovo92_cwet_kk/obj/SHARED_LIBRARIES/libmtcloader_intermediates/export_includes
target/product/lenovo92_cwet_kk/obj/SHARED_LIBRARIES/libmtk_drvb_intermediates/
target/product/lenovo92_cwet_kk/obj/SHARED_LIBRARIES/libmtk_drvb_intermediates/export_includes
target/product/lenovo92_cwet_kk/obj/SHARED_LIBRARIES/libmtk_vt_client_intermediates/
target/product/lenovo92_cwet_kk/obj/SHARED_LIBRARIES/libmtk_vt_client_intermediates/export_includes
target/product/lenovo92_cwet_kk/obj/SHARED_LIBRARIES/libmtk_vt_em_intermediates/
target/product/lenovo92_cwet_kk/obj/SHARED_LIBRARIES/libmtk_vt_em_intermediates/export_includes
target/product/lenovo92_cwet_kk/obj/SHARED_LIBRARIES/libmtk_vt_service_intermediates/
target/product/lenovo92_cwet_kk/obj/SHARED_LIBRARIES/libmtk_vt_service_intermediates/export_includes
target/product/lenovo92_cwet_kk/obj/SHARED_LIBRARIES/libmtk_vt_swip_intermediates/
target/product/lenovo92_cwet_kk/obj/SHARED_LIBRARIES/libmtk_vt_swip_intermediates/export_includes
target/product/lenovo92_cwet_kk/obj/SHARED_LIBRARIES/libmtk_vt_utils_intermediates/
target/product/lenovo92_cwet_kk/obj/SHARED_LIBRARIES/libmtk_vt_utils_intermediates/export_includes
target/product/lenovo92_cwet_kk/obj/SHARED_LIBRARIES/libmtkbtextspp_intermediates/
target/product/lenovo92_cwet_kk/obj/SHARED_LIBRARIES/libmtkbtextspp_intermediates/export_includes
target/product/lenovo92_cwet_kk/obj/SHARED_LIBRARIES/libmtkjpeg_intermediates/
target/product/lenovo92_cwet_kk/obj/SHARED_LIBRARIES/libmtkjpeg_intermediates/export_includes
target/product/lenovo92_cwet_kk/obj/SHARED_LIBRARIES/libnativecheck-jni_intermediates/
target/product/lenovo92_cwet_kk/obj/SHARED_LIBRARIES/libnativecheck-jni_intermediates/export_includes
target/product/lenovo92_cwet_kk/obj/SHARED_LIBRARIES/libnvram_intermediates/
target/product/lenovo92_cwet_kk/obj/SHARED_LIBRARIES/libnvram_intermediates/export_includes
target/product/lenovo92_cwet_kk/obj/SHARED_LIBRARIES/libnvram_platform_intermediates/
target/product/lenovo92_cwet_kk/obj/SHARED_LIBRARIES/libnvram_platform_intermediates/export_includes
target/product/lenovo92_cwet_kk/obj/SHARED_LIBRARIES/libnvram_sec_intermediates/
target/product/lenovo92_cwet_kk/obj/SHARED_LIBRARIES/libnvram_sec_intermediates/export_includes
target/product/lenovo92_cwet_kk/obj/SHARED_LIBRARIES/libpalsecurity_intermediates/
target/product/lenovo92_cwet_kk/obj/SHARED_LIBRARIES/libpalsecurity_intermediates/export_includes
target/product/lenovo92_cwet_kk/obj/SHARED_LIBRARIES/libpalwlan_mtk_intermediates/
target/product/lenovo92_cwet_kk/obj/SHARED_LIBRARIES/libpalwlan_mtk_intermediates/export_includes
target/product/lenovo92_cwet_kk/obj/SHARED_LIBRARIES/libperfservice_intermediates/
target/product/lenovo92_cwet_kk/obj/SHARED_LIBRARIES/libperfservice_intermediates/export_includes
target/product/lenovo92_cwet_kk/obj/SHARED_LIBRARIES/libphonemotiondetector_intermediates/
target/product/lenovo92_cwet_kk/obj/SHARED_LIBRARIES/libphonemotiondetector_intermediates/export_includes
target/product/lenovo92_cwet_kk/obj/SHARED_LIBRARIES/libphonemotiondetector_jni_intermediates/
target/product/lenovo92_cwet_kk/obj/SHARED_LIBRARIES/libphonemotiondetector_jni_intermediates/export_includes
target/product/lenovo92_cwet_kk/obj/SHARED_LIBRARIES/libpppbtdun_intermediates/
target/product/lenovo92_cwet_kk/obj/SHARED_LIBRARIES/libpppbtdun_intermediates/export_includes
target/product/lenovo92_cwet_kk/obj/SHARED_LIBRARIES/libssladp_intermediates/
target/product/lenovo92_cwet_kk/obj/SHARED_LIBRARIES/libssladp_intermediates/export_includes
target/product/lenovo92_cwet_kk/obj/SHARED_LIBRARIES/libstagefright_memutil_intermediates/
target/product/lenovo92_cwet_kk/obj/SHARED_LIBRARIES/libstagefright_memutil_intermediates/export_includes
target/product/lenovo92_cwet_kk/obj/SHARED_LIBRARIES/libstagefrighthw_intermediates/
target/product/lenovo92_cwet_kk/obj/SHARED_LIBRARIES/libstagefrighthw_intermediates/export_includes
target/product/lenovo92_cwet_kk/obj/SHARED_LIBRARIES/libterservice_intermediates/
target/product/lenovo92_cwet_kk/obj/SHARED_LIBRARIES/libterservice_intermediates/export_includes
target/product/lenovo92_cwet_kk/obj/SHARED_LIBRARIES/libvcodec_utility_intermediates/
target/product/lenovo92_cwet_kk/obj/SHARED_LIBRARIES/libvcodec_utility_intermediates/export_includes
target/product/lenovo92_cwet_kk/obj/SHARED_LIBRARIES/libvcodecdrv_intermediates/
target/product/lenovo92_cwet_kk/obj/SHARED_LIBRARIES/libvcodecdrv_intermediates/export_includes
target/product/lenovo92_cwet_kk/obj/SHARED_LIBRARIES/libvideoorb_intermediates/
target/product/lenovo92_cwet_kk/obj/SHARED_LIBRARIES/libvideoorb_intermediates/export_includes
target/product/lenovo92_cwet_kk/obj/SHARED_LIBRARIES/libvoicerecognition_intermediates/
target/product/lenovo92_cwet_kk/obj/SHARED_LIBRARIES/libvoicerecognition_intermediates/export_includes
target/product/lenovo92_cwet_kk/obj/SHARED_LIBRARIES/libvoicerecognition_jni_intermediates/
target/product/lenovo92_cwet_kk/obj/SHARED_LIBRARIES/libvoicerecognition_jni_intermediates/export_includes
target/product/lenovo92_cwet_kk/obj/SHARED_LIBRARIES/libvtmal_intermediates/
target/product/lenovo92_cwet_kk/obj/SHARED_LIBRARIES/libvtmal_intermediates/export_includes
target/product/lenovo92_cwet_kk/obj/SHARED_LIBRARIES/libwvdrmengine_intermediates/
target/product/lenovo92_cwet_kk/obj/SHARED_LIBRARIES/libwvdrmengine_intermediates/export_includes
target/product/lenovo92_cwet_kk/obj/STATIC_LIBRARIES/
target/product/lenovo92_cwet_kk/obj/STATIC_LIBRARIES/compasslib_h6_gcc_armv4t_1_intermediates/
target/product/lenovo92_cwet_kk/obj/STATIC_LIBRARIES/compasslib_h6_gcc_armv4t_1_intermediates/compasslib_h6_gcc_armv4t_1.a
target/product/lenovo92_cwet_kk/obj/STATIC_LIBRARIES/compasslib_h6_gcc_armv4t_1_intermediates/export_includes
target/product/lenovo92_cwet_kk/obj/STATIC_LIBRARIES/compasslib_h6_gcc_armv4t_intermediates/
target/product/lenovo92_cwet_kk/obj/STATIC_LIBRARIES/compasslib_h6_gcc_armv4t_intermediates/compasslib_h6_gcc_armv4t.a
target/product/lenovo92_cwet_kk/obj/STATIC_LIBRARIES/compasslib_h6_gcc_armv4t_intermediates/export_includes
target/product/lenovo92_cwet_kk/obj/STATIC_LIBRARIES/hwcomposer.mt6592.1.2_intermediates/
target/product/lenovo92_cwet_kk/obj/STATIC_LIBRARIES/hwcomposer.mt6592.1.2_intermediates/export_includes
target/product/lenovo92_cwet_kk/obj/STATIC_LIBRARIES/hwcomposer.mt6592.1.2_intermediates/hwcomposer.mt6592.1.2.a
target/product/lenovo92_cwet_kk/obj/STATIC_LIBRARIES/libAK8975_intermediates/
target/product/lenovo92_cwet_kk/obj/STATIC_LIBRARIES/libAK8975_intermediates/export_includes
target/product/lenovo92_cwet_kk/obj/STATIC_LIBRARIES/libAK8975_intermediates/libAK8975.a
target/product/lenovo92_cwet_kk/obj/STATIC_LIBRARIES/libHdrCoreNeon_intermediates/
target/product/lenovo92_cwet_kk/obj/STATIC_LIBRARIES/libHdrCoreNeon_intermediates/export_includes
target/product/lenovo92_cwet_kk/obj/STATIC_LIBRARIES/libHdrCoreNeon_intermediates/libHdrCoreNeon.a
target/product/lenovo92_cwet_kk/obj/STATIC_LIBRARIES/libJpgEncDrv_plat_intermediates/
target/product/lenovo92_cwet_kk/obj/STATIC_LIBRARIES/libJpgEncDrv_plat_intermediates/export_includes
target/product/lenovo92_cwet_kk/obj/STATIC_LIBRARIES/libJpgEncDrv_plat_intermediates/libJpgEncDrv_plat.a
target/product/lenovo92_cwet_kk/obj/STATIC_LIBRARIES/libMtkOmxAudioDecBase_intermediates/
target/product/lenovo92_cwet_kk/obj/STATIC_LIBRARIES/libMtkOmxAudioDecBase_intermediates/export_includes
target/product/lenovo92_cwet_kk/obj/STATIC_LIBRARIES/libMtkOmxAudioDecBase_intermediates/libMtkOmxAudioDecBase.a
target/product/lenovo92_cwet_kk/obj/STATIC_LIBRARIES/libMtkOmxAudioEncBase_intermediates/
target/product/lenovo92_cwet_kk/obj/STATIC_LIBRARIES/libMtkOmxAudioEncBase_intermediates/export_includes
target/product/lenovo92_cwet_kk/obj/STATIC_LIBRARIES/libMtkOmxAudioEncBase_intermediates/libMtkOmxAudioEncBase.a
target/product/lenovo92_cwet_kk/obj/STATIC_LIBRARIES/libMtkOmxOsalUtils_intermediates/
target/product/lenovo92_cwet_kk/obj/STATIC_LIBRARIES/libMtkOmxOsalUtils_intermediates/export_includes
target/product/lenovo92_cwet_kk/obj/STATIC_LIBRARIES/libMtkOmxOsalUtils_intermediates/libMtkOmxOsalUtils.a
target/product/lenovo92_cwet_kk/obj/STATIC_LIBRARIES/libPano3D_intermediates/
target/product/lenovo92_cwet_kk/obj/STATIC_LIBRARIES/libPano3D_intermediates/export_includes
target/product/lenovo92_cwet_kk/obj/STATIC_LIBRARIES/libPano3D_intermediates/libPano3D.a
target/product/lenovo92_cwet_kk/obj/STATIC_LIBRARIES/libasdsw_intermediates/
target/product/lenovo92_cwet_kk/obj/STATIC_LIBRARIES/libasdsw_intermediates/export_includes
target/product/lenovo92_cwet_kk/obj/STATIC_LIBRARIES/libasdsw_intermediates/libasdsw.a
target/product/lenovo92_cwet_kk/obj/STATIC_LIBRARIES/libautoramasw_intermediates/
target/product/lenovo92_cwet_kk/obj/STATIC_LIBRARIES/libautoramasw_intermediates/export_includes
target/product/lenovo92_cwet_kk/obj/STATIC_LIBRARIES/libautoramasw_intermediates/libautoramasw.a
target/product/lenovo92_cwet_kk/obj/STATIC_LIBRARIES/libbackup_restore_intermediates/
target/product/lenovo92_cwet_kk/obj/STATIC_LIBRARIES/libbackup_restore_intermediates/export_includes
target/product/lenovo92_cwet_kk/obj/STATIC_LIBRARIES/libbackup_restore_intermediates/libbackup_restore.a
target/product/lenovo92_cwet_kk/obj/STATIC_LIBRARIES/libcdm_intermediates/
target/product/lenovo92_cwet_kk/obj/STATIC_LIBRARIES/libcdm_intermediates/export_includes
target/product/lenovo92_cwet_kk/obj/STATIC_LIBRARIES/libcdm_intermediates/libcdm.a
target/product/lenovo92_cwet_kk/obj/STATIC_LIBRARIES/libcdm_protos_intermediates/
target/product/lenovo92_cwet_kk/obj/STATIC_LIBRARIES/libcdm_protos_intermediates/export_includes
target/product/lenovo92_cwet_kk/obj/STATIC_LIBRARIES/libcdm_protos_intermediates/libcdm_protos.a
target/product/lenovo92_cwet_kk/obj/STATIC_LIBRARIES/libcdm_utils_intermediates/
target/product/lenovo92_cwet_kk/obj/STATIC_LIBRARIES/libcdm_utils_intermediates/export_includes
target/product/lenovo92_cwet_kk/obj/STATIC_LIBRARIES/libcdm_utils_intermediates/libcdm_utils.a
target/product/lenovo92_cwet_kk/obj/STATIC_LIBRARIES/libcorecylindproj_intermediates/
target/product/lenovo92_cwet_kk/obj/STATIC_LIBRARIES/libcorecylindproj_intermediates/export_includes
target/product/lenovo92_cwet_kk/obj/STATIC_LIBRARIES/libcorecylindproj_intermediates/libcorecylindproj.a
target/product/lenovo92_cwet_kk/obj/STATIC_LIBRARIES/libcorefefm_intermediates/
target/product/lenovo92_cwet_kk/obj/STATIC_LIBRARIES/libcorefefm_intermediates/export_includes
target/product/lenovo92_cwet_kk/obj/STATIC_LIBRARIES/libcorefefm_intermediates/libcorefefm.a
target/product/lenovo92_cwet_kk/obj/STATIC_LIBRARIES/libcoremotion_intermediates/
target/product/lenovo92_cwet_kk/obj/STATIC_LIBRARIES/libcoremotion_intermediates/export_includes
target/product/lenovo92_cwet_kk/obj/STATIC_LIBRARIES/libcoremotion_intermediates/libcoremotion.a
target/product/lenovo92_cwet_kk/obj/STATIC_LIBRARIES/libcorewarp_intermediates/
target/product/lenovo92_cwet_kk/obj/STATIC_LIBRARIES/libcorewarp_intermediates/export_includes
target/product/lenovo92_cwet_kk/obj/STATIC_LIBRARIES/libcorewarp_intermediates/libcorewarp.a
target/product/lenovo92_cwet_kk/obj/STATIC_LIBRARIES/libdex_intermediates/
target/product/lenovo92_cwet_kk/obj/STATIC_LIBRARIES/libdex_intermediates/export_includes
target/product/lenovo92_cwet_kk/obj/STATIC_LIBRARIES/libdex_intermediates/libdex.a
target/product/lenovo92_cwet_kk/obj/STATIC_LIBRARIES/libdrmwvmcommon_intermediates/
target/product/lenovo92_cwet_kk/obj/STATIC_LIBRARIES/libdrmwvmcommon_intermediates/export_includes
target/product/lenovo92_cwet_kk/obj/STATIC_LIBRARIES/libdrmwvmcommon_intermediates/libdrmwvmcommon.a
target/product/lenovo92_cwet_kk/obj/STATIC_LIBRARIES/libdrmwvmplugin_L3_intermediates/
target/product/lenovo92_cwet_kk/obj/STATIC_LIBRARIES/libdrmwvmplugin_L3_intermediates/export_includes
target/product/lenovo92_cwet_kk/obj/STATIC_LIBRARIES/libdrmwvmplugin_L3_intermediates/libdrmwvmplugin_L3.a
target/product/lenovo92_cwet_kk/obj/STATIC_LIBRARIES/libeis_intermediates/
target/product/lenovo92_cwet_kk/obj/STATIC_LIBRARIES/libeis_intermediates/export_includes
target/product/lenovo92_cwet_kk/obj/STATIC_LIBRARIES/libeis_intermediates/libeis.a
target/product/lenovo92_cwet_kk/obj/STATIC_LIBRARIES/libeissw_intermediates/
target/product/lenovo92_cwet_kk/obj/STATIC_LIBRARIES/libeissw_intermediates/export_includes
target/product/lenovo92_cwet_kk/obj/STATIC_LIBRARIES/libeissw_intermediates/libeissw.a
target/product/lenovo92_cwet_kk/obj/STATIC_LIBRARIES/libeposervice-jni_intermediates/
target/product/lenovo92_cwet_kk/obj/STATIC_LIBRARIES/libeposervice-jni_intermediates/export_includes
target/product/lenovo92_cwet_kk/obj/STATIC_LIBRARIES/libeposervice-jni_intermediates/libeposervice-jni.a
target/product/lenovo92_cwet_kk/obj/STATIC_LIBRARIES/libfacebeauty_intermediates/
target/product/lenovo92_cwet_kk/obj/STATIC_LIBRARIES/libfacebeauty_intermediates/export_includes
target/product/lenovo92_cwet_kk/obj/STATIC_LIBRARIES/libfacebeauty_intermediates/libfacebeauty.a
target/product/lenovo92_cwet_kk/obj/STATIC_LIBRARIES/libfacebeautysw_intermediates/
target/product/lenovo92_cwet_kk/obj/STATIC_LIBRARIES/libfacebeautysw_intermediates/export_includes
target/product/lenovo92_cwet_kk/obj/STATIC_LIBRARIES/libfacebeautysw_intermediates/libfacebeautysw.a
target/product/lenovo92_cwet_kk/obj/STATIC_LIBRARIES/libfdft_intermediates/
target/product/lenovo92_cwet_kk/obj/STATIC_LIBRARIES/libfdft_intermediates/export_includes
target/product/lenovo92_cwet_kk/obj/STATIC_LIBRARIES/libfdft_intermediates/libfdft.a
target/product/lenovo92_cwet_kk/obj/STATIC_LIBRARIES/libflicker_intermediates/
target/product/lenovo92_cwet_kk/obj/STATIC_LIBRARIES/libflicker_intermediates/export_includes
target/product/lenovo92_cwet_kk/obj/STATIC_LIBRARIES/libflicker_intermediates/libflicker.a
target/product/lenovo92_cwet_kk/obj/STATIC_LIBRARIES/libgd_intermediates/
target/product/lenovo92_cwet_kk/obj/STATIC_LIBRARIES/libgd_intermediates/export_includes
target/product/lenovo92_cwet_kk/obj/STATIC_LIBRARIES/libgd_intermediates/libgd.a
target/product/lenovo92_cwet_kk/obj/STATIC_LIBRARIES/libhdr_intermediates/
target/product/lenovo92_cwet_kk/obj/STATIC_LIBRARIES/libhdr_intermediates/export_includes
target/product/lenovo92_cwet_kk/obj/STATIC_LIBRARIES/libhdr_intermediates/libhdr.a
target/product/lenovo92_cwet_kk/obj/STATIC_LIBRARIES/libhdrsw_intermediates/
target/product/lenovo92_cwet_kk/obj/STATIC_LIBRARIES/libhdrsw_intermediates/export_includes
target/product/lenovo92_cwet_kk/obj/STATIC_LIBRARIES/libhdrsw_intermediates/libhdrsw.a
target/product/lenovo92_cwet_kk/obj/STATIC_LIBRARIES/liblsctrans_intermediates/
target/product/lenovo92_cwet_kk/obj/STATIC_LIBRARIES/liblsctrans_intermediates/export_includes
target/product/lenovo92_cwet_kk/obj/STATIC_LIBRARIES/liblsctrans_intermediates/liblsctrans.a
target/product/lenovo92_cwet_kk/obj/STATIC_LIBRARIES/libmagcalibrate_intermediates/
target/product/lenovo92_cwet_kk/obj/STATIC_LIBRARIES/libmagcalibrate_intermediates/export_includes
target/product/lenovo92_cwet_kk/obj/STATIC_LIBRARIES/libmagcalibrate_intermediates/libmagcalibrate.a
target/product/lenovo92_cwet_kk/obj/STATIC_LIBRARIES/libmav_intermediates/
target/product/lenovo92_cwet_kk/obj/STATIC_LIBRARIES/libmav_intermediates/export_includes
target/product/lenovo92_cwet_kk/obj/STATIC_LIBRARIES/libmav_intermediates/libmav.a
target/product/lenovo92_cwet_kk/obj/STATIC_LIBRARIES/libmavsw_intermediates/
target/product/lenovo92_cwet_kk/obj/STATIC_LIBRARIES/libmavsw_intermediates/export_includes
target/product/lenovo92_cwet_kk/obj/STATIC_LIBRARIES/libmavsw_intermediates/libmavsw.a
target/product/lenovo92_cwet_kk/obj/STATIC_LIBRARIES/libmfbmm_intermediates/
target/product/lenovo92_cwet_kk/obj/STATIC_LIBRARIES/libmfbmm_intermediates/export_includes
target/product/lenovo92_cwet_kk/obj/STATIC_LIBRARIES/libmfbmm_intermediates/libmfbmm.a
target/product/lenovo92_cwet_kk/obj/STATIC_LIBRARIES/libmotionsw_intermediates/
target/product/lenovo92_cwet_kk/obj/STATIC_LIBRARIES/libmotionsw_intermediates/export_includes
target/product/lenovo92_cwet_kk/obj/STATIC_LIBRARIES/libmotionsw_intermediates/libmotionsw.a
target/product/lenovo92_cwet_kk/obj/STATIC_LIBRARIES/libmp3dec_mtk_intermediates/
target/product/lenovo92_cwet_kk/obj/STATIC_LIBRARIES/libmp3dec_mtk_intermediates/export_includes
target/product/lenovo92_cwet_kk/obj/STATIC_LIBRARIES/libmp3dec_mtk_intermediates/libmp3dec_mtk.a
target/product/lenovo92_cwet_kk/obj/STATIC_LIBRARIES/libmp4com_intermediates/
target/product/lenovo92_cwet_kk/obj/STATIC_LIBRARIES/libmp4com_intermediates/export_includes
target/product/lenovo92_cwet_kk/obj/STATIC_LIBRARIES/libmp4com_intermediates/libmp4com.a
target/product/lenovo92_cwet_kk/obj/STATIC_LIBRARIES/libmtk_mali_user_intermediates/
target/product/lenovo92_cwet_kk/obj/STATIC_LIBRARIES/libmtk_mali_user_intermediates/export_includes
target/product/lenovo92_cwet_kk/obj/STATIC_LIBRARIES/libmtk_mali_user_intermediates/libmtk_mali_user.a
target/product/lenovo92_cwet_kk/obj/STATIC_LIBRARIES/libmtkbtextsys_intermediates/
target/product/lenovo92_cwet_kk/obj/STATIC_LIBRARIES/libmtkbtextsys_intermediates/export_includes
target/product/lenovo92_cwet_kk/obj/STATIC_LIBRARIES/libmtkbtextsys_intermediates/libmtkbtextsys.a
target/product/lenovo92_cwet_kk/obj/STATIC_LIBRARIES/libmtkbtstack2_intermediates/
target/product/lenovo92_cwet_kk/obj/STATIC_LIBRARIES/libmtkbtstack2_intermediates/export_includes
target/product/lenovo92_cwet_kk/obj/STATIC_LIBRARIES/libmtkbtstack2_intermediates/libmtkbtstack2.a
target/product/lenovo92_cwet_kk/obj/STATIC_LIBRARIES/libmtkbtstack_intermediates/
target/product/lenovo92_cwet_kk/obj/STATIC_LIBRARIES/libmtkbtstack_intermediates/export_includes
target/product/lenovo92_cwet_kk/obj/STATIC_LIBRARIES/libmtkbtstack_intermediates/libmtkbtstack.a
target/product/lenovo92_cwet_kk/obj/STATIC_LIBRARIES/libmtkjpeg_rvct.NEON_intermediates/
target/product/lenovo92_cwet_kk/obj/STATIC_LIBRARIES/libmtkjpeg_rvct.NEON_intermediates/export_includes
target/product/lenovo92_cwet_kk/obj/STATIC_LIBRARIES/libmtkjpeg_rvct.NEON_intermediates/libmtkjpeg_rvct.NEON.a
target/product/lenovo92_cwet_kk/obj/STATIC_LIBRARIES/libmtksqlite3_android_intermediates/
target/product/lenovo92_cwet_kk/obj/STATIC_LIBRARIES/libmtksqlite3_android_intermediates/export_includes
target/product/lenovo92_cwet_kk/obj/STATIC_LIBRARIES/libmtksqlite3_android_intermediates/libmtksqlite3_android.a
target/product/lenovo92_cwet_kk/obj/STATIC_LIBRARIES/liboemcrypto_L3_intermediates/
target/product/lenovo92_cwet_kk/obj/STATIC_LIBRARIES/liboemcrypto_L3_intermediates/export_includes
target/product/lenovo92_cwet_kk/obj/STATIC_LIBRARIES/liboemcrypto_L3_intermediates/liboemcrypto_L3.a
target/product/lenovo92_cwet_kk/obj/STATIC_LIBRARIES/libot_intermediates/
target/product/lenovo92_cwet_kk/obj/STATIC_LIBRARIES/libot_intermediates/export_includes
target/product/lenovo92_cwet_kk/obj/STATIC_LIBRARIES/libot_intermediates/libot.a
target/product/lenovo92_cwet_kk/obj/STATIC_LIBRARIES/libpano3dsw_intermediates/
target/product/lenovo92_cwet_kk/obj/STATIC_LIBRARIES/libpano3dsw_intermediates/export_includes
target/product/lenovo92_cwet_kk/obj/STATIC_LIBRARIES/libpano3dsw_intermediates/libpano3dsw.a
target/product/lenovo92_cwet_kk/obj/STATIC_LIBRARIES/libpng_filter_intermediates/
target/product/lenovo92_cwet_kk/obj/STATIC_LIBRARIES/libpng_filter_intermediates/export_includes
target/product/lenovo92_cwet_kk/obj/STATIC_LIBRARIES/libpng_filter_intermediates/libpng_filter.a
target/product/lenovo92_cwet_kk/obj/STATIC_LIBRARIES/libpthreadctrl_intermediates/
target/product/lenovo92_cwet_kk/obj/STATIC_LIBRARIES/libpthreadctrl_intermediates/export_includes
target/product/lenovo92_cwet_kk/obj/STATIC_LIBRARIES/libpthreadctrl_intermediates/libpthreadctrl.a
target/product/lenovo92_cwet_kk/obj/STATIC_LIBRARIES/librilmtk-prop-md1_intermediates/
target/product/lenovo92_cwet_kk/obj/STATIC_LIBRARIES/librilmtk-prop-md1_intermediates/export_includes
target/product/lenovo92_cwet_kk/obj/STATIC_LIBRARIES/librilmtk-prop-md1_intermediates/librilmtk-prop-md1.a
target/product/lenovo92_cwet_kk/obj/STATIC_LIBRARIES/librilmtk-prop-md2_intermediates/
target/product/lenovo92_cwet_kk/obj/STATIC_LIBRARIES/librilmtk-prop-md2_intermediates/export_includes
target/product/lenovo92_cwet_kk/obj/STATIC_LIBRARIES/librilmtk-prop-md2_intermediates/librilmtk-prop-md2.a
target/product/lenovo92_cwet_kk/obj/STATIC_LIBRARIES/libskia_opt_intermediates/
target/product/lenovo92_cwet_kk/obj/STATIC_LIBRARIES/libskia_opt_intermediates/export_includes
target/product/lenovo92_cwet_kk/obj/STATIC_LIBRARIES/libskia_opt_intermediates/libskia_opt.a
target/product/lenovo92_cwet_kk/obj/STATIC_LIBRARIES/libtpipe_intermediates/
target/product/lenovo92_cwet_kk/obj/STATIC_LIBRARIES/libtpipe_intermediates/export_includes
target/product/lenovo92_cwet_kk/obj/STATIC_LIBRARIES/libtpipe_intermediates/libtpipe.a
target/product/lenovo92_cwet_kk/obj/STATIC_LIBRARIES/libtsfsw_intermediates/
target/product/lenovo92_cwet_kk/obj/STATIC_LIBRARIES/libtsfsw_intermediates/export_includes
target/product/lenovo92_cwet_kk/obj/STATIC_LIBRARIES/libtsfsw_intermediates/libtsfsw.a
target/product/lenovo92_cwet_kk/obj/STATIC_LIBRARIES/libutilFilteringNeon_intermediates/
target/product/lenovo92_cwet_kk/obj/STATIC_LIBRARIES/libutilFilteringNeon_intermediates/export_includes
target/product/lenovo92_cwet_kk/obj/STATIC_LIBRARIES/libutilFilteringNeon_intermediates/libutilFilteringNeon.a
target/product/lenovo92_cwet_kk/obj/STATIC_LIBRARIES/libutilfiltering_intermediates/
target/product/lenovo92_cwet_kk/obj/STATIC_LIBRARIES/libutilfiltering_intermediates/export_includes
target/product/lenovo92_cwet_kk/obj/STATIC_LIBRARIES/libutilfiltering_intermediates/libutilfiltering.a
target/product/lenovo92_cwet_kk/obj/STATIC_LIBRARIES/libutilimagpu_intermediates/
target/product/lenovo92_cwet_kk/obj/STATIC_LIBRARIES/libutilimagpu_intermediates/export_includes
target/product/lenovo92_cwet_kk/obj/STATIC_LIBRARIES/libutilimagpu_intermediates/libutilimagpu.a
target/product/lenovo92_cwet_kk/obj/STATIC_LIBRARIES/libutilitysw_intermediates/
target/product/lenovo92_cwet_kk/obj/STATIC_LIBRARIES/libutilitysw_intermediates/export_includes
target/product/lenovo92_cwet_kk/obj/STATIC_LIBRARIES/libutilitysw_intermediates/libutilitysw.a
target/product/lenovo92_cwet_kk/obj/STATIC_LIBRARIES/libutilmath_intermediates/
target/product/lenovo92_cwet_kk/obj/STATIC_LIBRARIES/libutilmath_intermediates/export_includes
target/product/lenovo92_cwet_kk/obj/STATIC_LIBRARIES/libutilmath_intermediates/libutilmath.a
target/product/lenovo92_cwet_kk/obj/STATIC_LIBRARIES/libutilmultiframe_intermediates/
target/product/lenovo92_cwet_kk/obj/STATIC_LIBRARIES/libutilmultiframe_intermediates/export_includes
target/product/lenovo92_cwet_kk/obj/STATIC_LIBRARIES/libutilmultiframe_intermediates/libutilmultiframe.a
target/product/lenovo92_cwet_kk/obj/STATIC_LIBRARIES/libutiltransform_intermediates/
target/product/lenovo92_cwet_kk/obj/STATIC_LIBRARIES/libutiltransform_intermediates/export_includes
target/product/lenovo92_cwet_kk/obj/STATIC_LIBRARIES/libutiltransform_intermediates/libutiltransform.a
target/product/lenovo92_cwet_kk/obj/STATIC_LIBRARIES/libuvtswdec_intermediates/
target/product/lenovo92_cwet_kk/obj/STATIC_LIBRARIES/libuvtswdec_intermediates/export_includes
target/product/lenovo92_cwet_kk/obj/STATIC_LIBRARIES/libuvtswdec_intermediates/libuvtswdec.a
target/product/lenovo92_cwet_kk/obj/STATIC_LIBRARIES/libuvtswenc_intermediates/
target/product/lenovo92_cwet_kk/obj/STATIC_LIBRARIES/libuvtswenc_intermediates/export_includes
target/product/lenovo92_cwet_kk/obj/STATIC_LIBRARIES/libuvtswenc_intermediates/libuvtswenc.a
target/product/lenovo92_cwet_kk/obj/STATIC_LIBRARIES/libwarpsw_intermediates/
target/product/lenovo92_cwet_kk/obj/STATIC_LIBRARIES/libwarpsw_intermediates/export_includes
target/product/lenovo92_cwet_kk/obj/STATIC_LIBRARIES/libwarpsw_intermediates/libwarpsw.a
target/product/lenovo92_cwet_kk/obj/STATIC_LIBRARIES/libwvdecryptcommon_L3_intermediates/
target/product/lenovo92_cwet_kk/obj/STATIC_LIBRARIES/libwvdecryptcommon_L3_intermediates/export_includes
target/product/lenovo92_cwet_kk/obj/STATIC_LIBRARIES/libwvdecryptcommon_L3_intermediates/libwvdecryptcommon_L3.a
target/product/lenovo92_cwet_kk/obj/STATIC_LIBRARIES/libwvdrmcryptoplugin_intermediates/
target/product/lenovo92_cwet_kk/obj/STATIC_LIBRARIES/libwvdrmcryptoplugin_intermediates/export_includes
target/product/lenovo92_cwet_kk/obj/STATIC_LIBRARIES/libwvdrmcryptoplugin_intermediates/libwvdrmcryptoplugin.a
target/product/lenovo92_cwet_kk/obj/STATIC_LIBRARIES/libwvdrmdrmplugin_intermediates/
target/product/lenovo92_cwet_kk/obj/STATIC_LIBRARIES/libwvdrmdrmplugin_intermediates/export_includes
target/product/lenovo92_cwet_kk/obj/STATIC_LIBRARIES/libwvdrmdrmplugin_intermediates/libwvdrmdrmplugin.a
target/product/lenovo92_cwet_kk/obj/STATIC_LIBRARIES/libwvmcommon_L3_intermediates/
target/product/lenovo92_cwet_kk/obj/STATIC_LIBRARIES/libwvmcommon_L3_intermediates/export_includes
target/product/lenovo92_cwet_kk/obj/STATIC_LIBRARIES/libwvmcommon_L3_intermediates/libwvmcommon_L3.a
target/product/lenovo92_cwet_kk/obj/STATIC_LIBRARIES/libxlog_intermediates/
target/product/lenovo92_cwet_kk/obj/STATIC_LIBRARIES/libxlog_intermediates/export_includes
target/product/lenovo92_cwet_kk/obj/STATIC_LIBRARIES/libxlog_intermediates/libxlog.a
target/product/lenovo92_cwet_kk/obj/STATIC_LIBRARIES/libyamaha_utils_intermediates/
target/product/lenovo92_cwet_kk/obj/STATIC_LIBRARIES/libyamaha_utils_intermediates/export_includes
target/product/lenovo92_cwet_kk/obj/STATIC_LIBRARIES/libyamaha_utils_intermediates/libyamaha_utils.a
target/product/lenovo92_cwet_kk/obj/STATIC_LIBRARIES/mtk-ril-prop-md1_intermediates/
target/product/lenovo92_cwet_kk/obj/STATIC_LIBRARIES/mtk-ril-prop-md1_intermediates/export_includes
target/product/lenovo92_cwet_kk/obj/STATIC_LIBRARIES/mtk-ril-prop-md1_intermediates/mtk-ril-prop-md1.a
target/product/lenovo92_cwet_kk/obj/STATIC_LIBRARIES/mtk-ril-prop-md2_intermediates/
target/product/lenovo92_cwet_kk/obj/STATIC_LIBRARIES/mtk-ril-prop-md2_intermediates/export_includes
target/product/lenovo92_cwet_kk/obj/STATIC_LIBRARIES/mtk-ril-prop-md2_intermediates/mtk-ril-prop-md2.a
target/product/lenovo92_cwet_kk/obj/STATIC_LIBRARIES/pal_intermediates/
target/product/lenovo92_cwet_kk/obj/STATIC_LIBRARIES/pal_intermediates/export_includes
target/product/lenovo92_cwet_kk/obj/STATIC_LIBRARIES/pal_intermediates/pal.a
target/product/lenovo92_cwet_kk/obj/STATIC_LIBRARIES/rild-prop-md1_intermediates/
target/product/lenovo92_cwet_kk/obj/STATIC_LIBRARIES/rild-prop-md1_intermediates/export_includes
target/product/lenovo92_cwet_kk/obj/STATIC_LIBRARIES/rild-prop-md1_intermediates/rild-prop-md1.a
target/product/lenovo92_cwet_kk/obj/STATIC_LIBRARIES/rild-prop-md2_intermediates/
target/product/lenovo92_cwet_kk/obj/STATIC_LIBRARIES/rild-prop-md2_intermediates/export_includes
target/product/lenovo92_cwet_kk/obj/STATIC_LIBRARIES/rild-prop-md2_intermediates/rild-prop-md2.a
target/product/lenovo92_cwet_kk/obj/include/
target/product/lenovo92_cwet_kk/obj/include/clang/
target/product/lenovo92_cwet_kk/obj/include/clang/arm_neon.h
target/product/mt6592_phone_720p/obj/include/libexpat/
target/product/mt6592_phone_720p/obj/include/libexpat/expat.h
target/product/mt6592_phone_720p/obj/include/libexpat/expat_external.h
target/product/mt6592_phone_720p/obj/include/libpng/
target/product/mt6592_phone_720p/obj/include/libpng/png.h
target/product/mt6592_phone_720p/obj/include/libpng/pngconf.h
target/product/mt6592_phone_720p/obj/include/libpng/pngusr.h
target/product/mt6592_phone_720p/obj/include/libsonivox/
target/product/mt6592_phone_720p/obj/include/libsonivox/eas.h
target/product/mt6592_phone_720p/obj/include/libsonivox/eas_reverb.h
target/product/mt6592_phone_720p/obj/include/libsonivox/eas_types.h
target/product/mt6592_phone_720p/obj/include/libsonivox/jet.h
target/product/mt6592_phone_720p/obj/include/libwpa_client/
target/product/mt6592_phone_720p/obj/include/libwpa_client/wpa_ctrl.h
target/product/mt6592_phone_720p/obj/include/selinux/
target/product/mt6592_phone_720p/obj/include/selinux/android.h
target/product/mt6592_phone_720p/obj/include/selinux/avc.h
target/product/mt6592_phone_720p/obj/include/selinux/context.h
target/product/mt6592_phone_720p/obj/include/selinux/label.h
target/product/mt6592_phone_720p/obj/include/selinux/selinux.h
target/product/mt6592_phone_720p/obj/lib/
target/product/mt6592_phone_720p/obj/lib/audio.a2dp.blueangel.so
target/product/mt6592_phone_720p/obj/lib/bluetooth.blueangel.so
target/product/mt6592_phone_720p/obj/lib/gralloc.mt6592.so
target/product/mt6592_phone_720p/obj/lib/lib3a.so
target/product/mt6592_phone_720p/obj/lib/libClearMotionFW.so
target/product/mt6592_phone_720p/obj/lib/libEGL_mali.so
target/product/mt6592_phone_720p/obj/lib/libGLESv1_CM_mali.so
target/product/mt6592_phone_720p/obj/lib/libGLESv2_mali.so
target/product/mt6592_phone_720p/obj/lib/libGdmaScalerPipe.so
target/product/mt6592_phone_720p/obj/lib/libI420colorconvert.so
target/product/mt6592_phone_720p/obj/lib/libJpgDecPipe.so
target/product/mt6592_phone_720p/obj/lib/libJpgEncPipe.so
target/product/mt6592_phone_720p/obj/lib/libMali.so
target/product/mt6592_phone_720p/obj/lib/libMtkOmxAMRNBDec.so
target/product/mt6592_phone_720p/obj/lib/libMtkOmxAMRWBDec.so
target/product/mt6592_phone_720p/obj/lib/libMtkOmxAacDec.so
target/product/mt6592_phone_720p/obj/lib/libMtkOmxAacEnc.so
target/product/mt6592_phone_720p/obj/lib/libMtkOmxAdpcmDec.so
target/product/mt6592_phone_720p/obj/lib/libMtkOmxAdpcmEnc.so
target/product/mt6592_phone_720p/obj/lib/libMtkOmxAmrEnc.so
target/product/mt6592_phone_720p/obj/lib/libMtkOmxApeDec.so
target/product/mt6592_phone_720p/obj/lib/libMtkOmxAwbEnc.so
target/product/mt6592_phone_720p/obj/lib/libMtkOmxCore.so
target/product/mt6592_phone_720p/obj/lib/libMtkOmxFlacDec.so
target/product/mt6592_phone_720p/obj/lib/libMtkOmxG711Dec.so
target/product/mt6592_phone_720p/obj/lib/libMtkOmxGsmDec.so
target/product/mt6592_phone_720p/obj/lib/libMtkOmxMp3Dec.so
target/product/mt6592_phone_720p/obj/lib/libMtkOmxRawDec.so
target/product/mt6592_phone_720p/obj/lib/libMtkOmxVdec.so
target/product/mt6592_phone_720p/obj/lib/libMtkOmxVenc.so
target/product/mt6592_phone_720p/obj/lib/libMtkOmxVorbisDec.so
target/product/mt6592_phone_720p/obj/lib/libMtkOmxVorbisEnc.so
target/product/mt6592_phone_720p/obj/lib/libMtkVideoTranscoder.so
target/product/mt6592_phone_720p/obj/lib/libSwJpgCodec.so
target/product/mt6592_phone_720p/obj/lib/liba3m.so
target/product/mt6592_phone_720p/obj/lib/libaal.so
target/product/lenovo92_cwet_kk/obj/lib/libamr_wrap.so
target/product/lenovo92_cwet_kk/obj/lib/libamrvt.so
target/product/lenovo92_cwet_kk/obj/lib/libawb_wrap.so
target/product/lenovo92_cwet_kk/obj/lib/libbrctrler.so
target/product/lenovo92_cwet_kk/obj/lib/libbtcust.so
target/product/lenovo92_cwet_kk/obj/lib/libbtem.so
target/product/lenovo92_cwet_kk/obj/lib/libbtpcm.so
target/product/lenovo92_cwet_kk/obj/lib/libbtsession.so
target/product/lenovo92_cwet_kk/obj/lib/libbtsniff.so
target/product/lenovo92_cwet_kk/obj/lib/libc_malloc_debug_mtk.so
target/product/lenovo92_cwet_kk/obj/lib/libcamalgo.so
target/product/lenovo92_cwet_kk/obj/lib/libdpframework.so
target/product/lenovo92_cwet_kk/obj/lib/libdrmmtkplugin.so
target/product/lenovo92_cwet_kk/obj/lib/libdrmmtkutil.so
target/product/lenovo92_cwet_kk/obj/lib/libdvm.so
target/product/lenovo92_cwet_kk/obj/lib/libextadvanced_jni.so
target/product/lenovo92_cwet_kk/obj/lib/libextbip.so
target/product/lenovo92_cwet_kk/obj/lib/libextbip_jni.so
target/product/lenovo92_cwet_kk/obj/lib/libextbpp.so
target/product/lenovo92_cwet_kk/obj/lib/libextbpp_jni.so
target/product/lenovo92_cwet_kk/obj/lib/libextdun_jni.so
target/product/lenovo92_cwet_kk/obj/lib/libextem.so
target/product/lenovo92_cwet_kk/obj/lib/libextftp.so
target/product/lenovo92_cwet_kk/obj/lib/libextftp_jni.so
target/product/lenovo92_cwet_kk/obj/lib/libextmap.so
target/product/lenovo92_cwet_kk/obj/lib/libextmap_jni.so
target/product/lenovo92_cwet_kk/obj/lib/libextsimap.so
target/product/lenovo92_cwet_kk/obj/lib/libextsimap_jni.so
target/product/lenovo92_cwet_kk/obj/lib/libextsys.so
target/product/lenovo92_cwet_kk/obj/lib/libextsys_jni.so
target/product/lenovo92_cwet_kk/obj/lib/libexttestmode.so
target/product/lenovo92_cwet_kk/obj/lib/libfile_op.so
target/product/lenovo92_cwet_kk/obj/lib/libhwm.so
target/product/lenovo92_cwet_kk/obj/lib/libja3m.so
target/product/lenovo92_cwet_kk/obj/lib/libjtranscode.so
target/product/lenovo92_cwet_kk/obj/lib/libmdloggerrecycle.so
target/product/lenovo92_cwet_kk/obj/lib/libmemoryDumpEncoder.so
target/product/lenovo92_cwet_kk/obj/lib/libmhalImageCodec.so
target/product/lenovo92_cwet_kk/obj/lib/libmjc.so
target/product/lenovo92_cwet_kk/obj/lib/libmmprofile.so
target/product/lenovo92_cwet_kk/obj/lib/libmtcloader.so
target/product/lenovo92_cwet_kk/obj/lib/libmtk_drvb.so
target/product/lenovo92_cwet_kk/obj/lib/libmtk_vt_client.so
target/product/lenovo92_cwet_kk/obj/lib/libmtk_vt_em.so
target/product/lenovo92_cwet_kk/obj/lib/libmtk_vt_service.so
target/product/lenovo92_cwet_kk/obj/lib/libmtk_vt_swip.so
target/product/lenovo92_cwet_kk/obj/lib/libmtk_vt_utils.so
target/product/lenovo92_cwet_kk/obj/lib/libmtkbtextspp.so
target/product/lenovo92_cwet_kk/obj/lib/libmtkjpeg.so
target/product/lenovo92_cwet_kk/obj/lib/libnativecheck-jni.so
target/product/lenovo92_cwet_kk/obj/lib/libnvram.so
target/product/lenovo92_cwet_kk/obj/lib/libnvram_platform.so
target/product/lenovo92_cwet_kk/obj/lib/libnvram_sec.so
target/product/lenovo92_cwet_kk/obj/lib/libpalsecurity.so
target/product/lenovo92_cwet_kk/obj/lib/libpalwlan_mtk.so
target/product/lenovo92_cwet_kk/obj/lib/libperfservice.so
target/product/lenovo92_cwet_kk/obj/lib/libphonemotiondetector.so
target/product/lenovo92_cwet_kk/obj/lib/libphonemotiondetector_jni.so
target/product/lenovo92_cwet_kk/obj/lib/libpppbtdun.so
target/product/lenovo92_cwet_kk/obj/lib/libssladp.so
target/product/lenovo92_cwet_kk/obj/lib/libstagefright_memutil.so
target/product/lenovo92_cwet_kk/obj/lib/libstagefrighthw.so
target/product/lenovo92_cwet_kk/obj/lib/libterservice.so
target/product/lenovo92_cwet_kk/obj/lib/libvcodec_utility.so
target/product/lenovo92_cwet_kk/obj/lib/libvcodecdrv.so
target/product/lenovo92_cwet_kk/obj/lib/libvideoorb.so
target/product/lenovo92_cwet_kk/obj/lib/libvoicerecognition.so
target/product/lenovo92_cwet_kk/obj/lib/libvoicerecognition_jni.so
target/product/lenovo92_cwet_kk/obj/lib/libvtmal.so
target/product/lenovo92_cwet_kk/obj/lib/libwvdrmengine.so
target/product/lenovo92_cwet_kk/system/
target/product/lenovo92_cwet_kk/system/bin/
target/product/lenovo92_cwet_kk/system/bin/akmd09911
target/product/lenovo92_cwet_kk/system/bin/akmd8963
target/product/lenovo92_cwet_kk/system/bin/akmd8975
target/product/lenovo92_cwet_kk/system/bin/ami304d
target/product/lenovo92_cwet_kk/system/bin/bmm050d
target/product/lenovo92_cwet_kk/system/bin/bmm056d
target/product/lenovo92_cwet_kk/system/bin/btconfig
target/product/lenovo92_cwet_kk/system/bin/btlogmask
target/product/lenovo92_cwet_kk/system/bin/ccci_fsd
target/product/lenovo92_cwet_kk/system/bin/ccci_mdinit
target/product/lenovo92_cwet_kk/system/bin/drvbd
target/product/lenovo92_cwet_kk/system/bin/dualmdlogger
target/product/lenovo92_cwet_kk/system/bin/emcsmdlogger
target/product/lenovo92_cwet_kk/system/bin/fsck_msdos_mtk
target/product/lenovo92_cwet_kk/system/bin/geomagneticd
target/product/lenovo92_cwet_kk/system/bin/lsm303md
target/product/lenovo92_cwet_kk/system/bin/magd
target/product/lenovo92_cwet_kk/system/bin/mc6420d
target/product/lenovo92_cwet_kk/system/bin/md_minilog_util
target/product/lenovo92_cwet_kk/system/bin/mdlogger
target/product/lenovo92_cwet_kk/system/bin/memsicd
target/product/lenovo92_cwet_kk/system/bin/memsicd3416x
target/product/lenovo92_cwet_kk/system/bin/mfv_ut
target/product/lenovo92_cwet_kk/system/bin/mobile_log_d
target/product/lenovo92_cwet_kk/system/bin/msensord
target/product/lenovo92_cwet_kk/system/bin/mtk_agpsd
target/product/lenovo92_cwet_kk/system/bin/mtkbt
target/product/lenovo92_cwet_kk/system/bin/muxreport
target/product/lenovo92_cwet_kk/system/bin/netdiag
target/product/lenovo92_cwet_kk/system/bin/nvram_agent_binder
target/product/lenovo92_cwet_kk/system/bin/nvram_daemon
target/product/lenovo92_cwet_kk/system/bin/orientationd
target/product/lenovo92_cwet_kk/system/bin/qmc5983d
target/product/lenovo92_cwet_kk/system/bin/s62xd
target/product/lenovo92_cwet_kk/system/bin/terservice
target/product/lenovo92_cwet_kk/system/bin/thermal_manager
target/product/lenovo92_cwet_kk/system/bin/xlog
target/product/lenovo92_cwet_kk/system/etc/
target/product/lenovo92_cwet_kk/system/etc/permissions/
target/product/lenovo92_cwet_kk/system/etc/permissions/com.google.widevine.software.drm.xml
target/product/lenovo92_cwet_kk/system/framework/
target/product/lenovo92_cwet_kk/system/framework/com.google.widevine.software.drm.jar
target/product/lenovo92_cwet_kk/system/lib/
target/product/lenovo92_cwet_kk/system/lib/lib3a.so
target/product/lenovo92_cwet_kk/system/lib/libClearMotionFW.so
target/product/lenovo92_cwet_kk/system/lib/libGdmaScalerPipe.so
target/product/lenovo92_cwet_kk/system/lib/libI420colorconvert.so
target/product/lenovo92_cwet_kk/system/lib/libJpgDecPipe.so
target/product/lenovo92_cwet_kk/system/lib/libJpgEncPipe.so
target/product/lenovo92_cwet_kk/system/lib/libMali.so
target/product/lenovo92_cwet_kk/system/lib/libMtkOmxAMRNBDec.so
target/product/lenovo92_cwet_kk/system/lib/libMtkOmxAMRWBDec.so
target/product/lenovo92_cwet_kk/system/lib/libMtkOmxAacDec.so
target/product/lenovo92_cwet_kk/system/lib/libMtkOmxAacEnc.so
target/product/lenovo92_cwet_kk/system/lib/libMtkOmxAdpcmDec.so
target/product/lenovo92_cwet_kk/system/lib/libMtkOmxAdpcmEnc.so
target/product/lenovo92_cwet_kk/system/lib/libMtkOmxAmrEnc.so
target/product/lenovo92_cwet_kk/system/lib/libMtkOmxApeDec.so
target/product/lenovo92_cwet_kk/system/lib/libMtkOmxAwbEnc.so
target/product/lenovo92_cwet_kk/system/lib/libMtkOmxCore.so
target/product/lenovo92_cwet_kk/system/lib/libMtkOmxFlacDec.so
target/product/lenovo92_cwet_kk/system/lib/libMtkOmxG711Dec.so
target/product/lenovo92_cwet_kk/system/lib/libMtkOmxGsmDec.so
target/product/lenovo92_cwet_kk/system/lib/libMtkOmxMp3Dec.so
target/product/lenovo92_cwet_kk/system/lib/libMtkOmxRawDec.so
target/product/lenovo92_cwet_kk/system/lib/libMtkOmxVdec.so
target/product/lenovo92_cwet_kk/system/lib/libMtkOmxVenc.so
target/product/lenovo92_cwet_kk/system/lib/libMtkOmxVorbisDec.so
target/product/lenovo92_cwet_kk/system/lib/libMtkOmxVorbisEnc.so
target/product/lenovo92_cwet_kk/system/lib/libMtkVideoTranscoder.so
target/product/lenovo92_cwet_kk/system/lib/libSwJpgCodec.so
target/product/lenovo92_cwet_kk/system/lib/liba3m.so
target/product/lenovo92_cwet_kk/system/lib/libaal.so
target/product/lenovo92_cwet_kk/system/lib/libamr_wrap.so
target/product/lenovo92_cwet_kk/system/lib/libamrvt.so
target/product/lenovo92_cwet_kk/system/lib/libawb_wrap.so
target/product/lenovo92_cwet_kk/system/lib/libbrctrler.so
target/product/lenovo92_cwet_kk/system/lib/libbtcust.so
target/product/lenovo92_cwet_kk/system/lib/libbtem.so
target/product/lenovo92_cwet_kk/system/lib/libbtpcm.so
target/product/lenovo92_cwet_kk/system/lib/libbtsession.so
target/product/lenovo92_cwet_kk/system/lib/libbtsniff.so
target/product/lenovo92_cwet_kk/system/lib/libc_malloc_debug_mtk.so
target/product/lenovo92_cwet_kk/system/lib/libcamalgo.so
target/product/lenovo92_cwet_kk/system/lib/libdpframework.so
target/product/lenovo92_cwet_kk/system/lib/libdrmmtkutil.so
target/product/lenovo92_cwet_kk/system/lib/libdvm.so
target/product/lenovo92_cwet_kk/system/lib/libextadvanced_jni.so
target/product/lenovo92_cwet_kk/system/lib/libextbip.so
target/product/lenovo92_cwet_kk/system/lib/libextbip_jni.so
target/product/lenovo92_cwet_kk/system/lib/libextbpp.so
target/product/lenovo92_cwet_kk/system/lib/libextbpp_jni.so
target/product/lenovo92_cwet_kk/system/lib/libextdun_jni.so
target/product/lenovo92_cwet_kk/system/lib/libextem.so
target/product/lenovo92_cwet_kk/system/lib/libextftp.so
target/product/lenovo92_cwet_kk/system/lib/libextftp_jni.so
target/product/lenovo92_cwet_kk/system/lib/libextmap.so
target/product/lenovo92_cwet_kk/system/lib/libextmap_jni.so
target/product/lenovo92_cwet_kk/system/lib/libextsimap.so
target/product/lenovo92_cwet_kk/system/lib/libextsimap_jni.so
target/product/lenovo92_cwet_kk/system/lib/libextsys.so
target/product/lenovo92_cwet_kk/system/lib/libextsys_jni.so
target/product/lenovo92_cwet_kk/system/lib/libexttestmode.so
target/product/lenovo92_cwet_kk/system/lib/libfile_op.so
target/product/lenovo92_cwet_kk/system/lib/libhwm.so
target/product/lenovo92_cwet_kk/system/lib/libja3m.so
target/product/lenovo92_cwet_kk/system/lib/libjtranscode.so
target/product/lenovo92_cwet_kk/system/lib/libmdloggerrecycle.so
target/product/lenovo92_cwet_kk/system/lib/libmemoryDumpEncoder.so
target/product/lenovo92_cwet_kk/system/lib/libmhalImageCodec.so
target/product/lenovo92_cwet_kk/system/lib/libmjc.so
target/product/lenovo92_cwet_kk/system/lib/libmmprofile.so
target/product/lenovo92_cwet_kk/system/lib/libmtcloader.so
target/product/lenovo92_cwet_kk/system/lib/libmtk_drvb.so
target/product/lenovo92_cwet_kk/system/lib/libmtk_vt_client.so
target/product/lenovo92_cwet_kk/system/lib/libmtk_vt_em.so
target/product/lenovo92_cwet_kk/system/lib/libmtk_vt_service.so
target/product/lenovo92_cwet_kk/system/lib/libmtk_vt_swip.so
target/product/lenovo92_cwet_kk/system/lib/libmtk_vt_utils.so
target/product/lenovo92_cwet_kk/system/lib/libmtkbtextspp.so
target/product/lenovo92_cwet_kk/system/lib/libmtkjpeg.so
target/product/lenovo92_cwet_kk/system/lib/libnativecheck-jni.so
target/product/lenovo92_cwet_kk/system/lib/libnvram.so
target/product/lenovo92_cwet_kk/system/lib/libnvram_platform.so
target/product/lenovo92_cwet_kk/system/lib/libnvram_sec.so
target/product/lenovo92_cwet_kk/system/lib/libpalsecurity.so
target/product/lenovo92_cwet_kk/system/lib/libpalwlan_mtk.so
target/product/lenovo92_cwet_kk/system/lib/libperfservice.so
target/product/lenovo92_cwet_kk/system/lib/libphonemotiondetector.so
target/product/lenovo92_cwet_kk/system/lib/libphonemotiondetector_jni.so
target/product/lenovo92_cwet_kk/system/lib/libpppbtdun.so
target/product/lenovo92_cwet_kk/system/lib/libssladp.so
target/product/lenovo92_cwet_kk/system/lib/libstagefright_memutil.so
target/product/lenovo92_cwet_kk/system/lib/libstagefrighthw.so
target/product/lenovo92_cwet_kk/system/lib/libterservice.so
target/product/lenovo92_cwet_kk/system/lib/libvcodec_utility.so
target/product/lenovo92_cwet_kk/system/lib/libvcodecdrv.so
target/product/lenovo92_cwet_kk/system/lib/libvideoorb.so
target/product/lenovo92_cwet_kk/system/lib/libvoicerecognition.so
target/product/lenovo92_cwet_kk/system/lib/libvoicerecognition_jni.so
target/product/lenovo92_cwet_kk/system/lib/libvtmal.so
target/product/lenovo92_cwet_kk/system/lib/drm/
target/product/lenovo92_cwet_kk/system/lib/drm/libdrmmtkplugin.so
target/product/lenovo92_cwet_kk/system/lib/egl/
target/product/lenovo92_cwet_kk/system/lib/egl/libEGL_mali.so
target/product/lenovo92_cwet_kk/system/lib/egl/libGLESv1_CM_mali.so
target/product/lenovo92_cwet_kk/system/lib/egl/libGLESv2_mali.so
target/product/lenovo92_cwet_kk/system/lib/hw/
target/product/lenovo92_cwet_kk/system/lib/hw/gralloc.mt6592.so
target/product/lenovo92_cwet_kk/system/vendor/
target/product/lenovo92_cwet_kk/system/vendor/lib/
target/product/lenovo92_cwet_kk/system/vendor/lib/hw/
target/product/lenovo92_cwet_kk/system/vendor/lib/hw/audio.a2dp.blueangel.so
target/product/lenovo92_cwet_kk/system/vendor/lib/hw/bluetooth.blueangel.so
target/product/lenovo92_cwet_kk/system/vendor/lib/mediadrm/
target/product/lenovo92_cwet_kk/system/vendor/lib/mediadrm/libwvdrmengine.so

sent 112722113 bytes  received 11821 bytes  25051985.33 bytes/sec
total size is 112657707  speedup is 1.00
